<?xml version="1.0" encoding="UTF-8"?>
<testsuite xmlns:xsi="http://www.w3.org/2001/XMLSchema-instance" xsi:noNamespaceSchemaLocation="https://maven.apache.org/surefire/maven-surefire-plugin/xsd/surefire-test-report-3.0.xsd" version="3.0" name="Test" time="0.013" tests="6" errors="0" skipped="0" failures="0">
  <properties>
[...]
</properties>
  <testcase name="Test.test002()" classname="Test" time="0.001"/>
  <testcase name="Test.test006()" classname="Test" time="0"/>
  <testcase name="Test.testExactly100()" classname="Test" time="0"/>
  <testcase name="Test.test003()" classname="Test" time="0"/>
  <testcase name="Test.testNear100()" classname="Test" time="0"/>
  <testcase name="Test.test001()" classname="Test" time="0"/>
</testsuite>